<?xml version="1.0" encoding="UTF-8"?>
<!-- Generated by org.testng.reporters.JUnitXMLReporter -->
<testsuite ignored="0" hostname="Ibrahimifty21" failures="0" tests="5" name="Test" time="90.099" errors="0" timestamp="2023-04-17T05:02:38 BDT">
  <testcase classname="testcases.Rokomari" name="rokomarihomeTest" time="12.902"/>
  <testcase classname="testcases.Rokomari" name="selectByAuthor" time="12.672"/>
  <testcase classname="testcases.Rokomari" name="filterCatagory" time="20.299"/>
  <testcase classname="testcases.Rokomari" name="validSignInTest" time="19.145"/>
  <testcase classname="testcases.Rokomari" name="provideShippingInformation" time="7.485"/>
</testsuite> <!-- Test -->
