<?xml version="1.0" encoding="UTF-8"?>
<testng-results ignored="0" total="5" passed="5" failed="0" skipped="0">
  <reporter-output>
  </reporter-output>
  <suite started-at="2023-04-17T05:01:08 BDT" name="Suite" finished-at="2023-04-17T05:02:38 BDT" duration-ms="90099">
    <groups>
    </groups>
    <test started-at="2023-04-17T05:01:08 BDT" name="Test" finished-at="2023-04-17T05:02:38 BDT" duration-ms="90099">
      <class name="testcases.Rokomari">
        <test-method is-config="true" signature="setBrowser()[pri:0, instance:testcases.Rokomari@8e50104]" started-at="2023-04-17T05:01:08 BDT" name="setBrowser" finished-at="2023-04-17T05:01:22 BDT" duration-ms="13490" status="PASS">
          <reporter-output>
          </reporter-output>
        </test-method> <!-- setBrowser -->
        <test-method signature="rokomarihomeTest()[pri:1, instance:testcases.Rokomari@8e50104]" started-at="2023-04-17T05:01:22 BDT" name="rokomarihomeTest" description="Verify the url browser" finished-at="2023-04-17T05:01:35 BDT" duration-ms="12902" status="PASS">
          <reporter-output>
          </reporter-output>
        </test-method> <!-- rokomarihomeTest -->
        <test-method signature="selectByAuthor()[pri:2, instance:testcases.Rokomari@8e50104]" started-at="2023-04-17T05:01:35 BDT" name="selectByAuthor" description="Hover and select the Author By Humaon Ahmed" finished-at="2023-04-17T05:01:48 BDT" duration-ms="12672" status="PASS">
          <reporter-output>
          </reporter-output>
        </test-method> <!-- selectByAuthor -->
        <test-method signature="filterCatagory()[pri:3, instance:testcases.Rokomari@8e50104]" started-at="2023-04-17T05:01:48 BDT" name="filterCatagory" description="Try scrolling down on the page Catagories" finished-at="2023-04-17T05:02:08 BDT" duration-ms="20299" status="PASS">
          <reporter-output>
          </reporter-output>
        </test-method> <!-- filterCatagory -->
        <test-method signature="validSignInTest()[pri:4, instance:testcases.Rokomari@8e50104]" started-at="2023-04-17T05:02:08 BDT" name="validSignInTest" description="Buy book after login the page" finished-at="2023-04-17T05:02:27 BDT" duration-ms="19145" status="PASS">
          <reporter-output>
          </reporter-output>
        </test-method> <!-- validSignInTest -->
        <test-method signature="provideShippingInformation()[pri:5, instance:testcases.Rokomari@8e50104]" started-at="2023-04-17T05:02:27 BDT" name="provideShippingInformation" description="Verify provide information" finished-at="2023-04-17T05:02:35 BDT" duration-ms="7485" status="PASS">
          <reporter-output>
          </reporter-output>
        </test-method> <!-- provideShippingInformation -->
        <test-method is-config="true" signature="quitBrowser()[pri:0, instance:testcases.Rokomari@8e50104]" started-at="2023-04-17T05:02:35 BDT" name="quitBrowser" finished-at="2023-04-17T05:02:38 BDT" duration-ms="3454" status="PASS">
          <reporter-output>
          </reporter-output>
        </test-method> <!-- quitBrowser -->
      </class> <!-- testcases.Rokomari -->
    </test> <!-- Test -->
  </suite> <!-- Suite -->
</testng-results>
